[debug] [2021-09-03T09:30:55.709Z] ----------------------------------------------------------------------
[debug] [2021-09-03T09:30:55.711Z] Command:       /usr/local/bin/node /usr/local/bin/firebase emulators:start --only functions
[debug] [2021-09-03T09:30:55.711Z] CLI Version:   9.16.5
[debug] [2021-09-03T09:30:55.711Z] Platform:      darwin
[debug] [2021-09-03T09:30:55.711Z] Node Version:  v14.17.4
[debug] [2021-09-03T09:30:55.716Z] Time:          Fri Sep 03 2021 15:00:55 GMT+0530 (India Standard Time)
[debug] [2021-09-03T09:30:55.717Z] ----------------------------------------------------------------------
[debug] 
[debug] [2021-09-03T09:30:55.762Z] > command requires scopes: ["email","openid","https://www.googleapis.com/auth/cloudplatformprojects.readonly","https://www.googleapis.com/auth/firebase","https://www.googleapis.com/auth/cloud-platform"]
[debug] [2021-09-03T09:30:55.762Z] > authorizing via signed-in user (tech.babulal@gmail.com)
[info] i  emulators: Starting emulators: functions {"metadata":{"emulator":{"name":"hub"},"message":"Starting emulators: functions"}}
[debug] [2021-09-03T09:30:55.786Z] [hub] writing locator at /var/folders/7y/d0x1wrgj66bf8xdch8b_yb980000gn/T/hub-mealstogo-bf416.json
[warn] ⚠  functions: The following emulators are not running, calls to these services from the Functions emulator will affect production: auth, firestore, database, hosting, pubsub, storage {"metadata":{"emulator":{"name":"functions"},"message":"The following emulators are not running, calls to these services from the Functions emulator will affect production: \u001b[1mauth, firestore, database, hosting, pubsub, storage\u001b[22m"}}
[info] ✔  functions: Using node@14 from host. {"metadata":{"emulator":{"name":"functions"},"message":"Using node@14 from host."}}
[debug] [2021-09-03T09:30:55.853Z] defaultcredentials: writing to file /Users/babulal/.config/firebase/tech_babulal_gmail.com_application_default_credentials.json
[debug] [2021-09-03T09:30:55.856Z] Setting GAC to /Users/babulal/.config/firebase/tech_babulal_gmail.com_application_default_credentials.json {"metadata":{"emulator":{"name":"functions"},"message":"Setting GAC to /Users/babulal/.config/firebase/tech_babulal_gmail.com_application_default_credentials.json"}}
[debug] [2021-09-03T09:30:55.859Z] > refreshing access token with scopes: []
[debug] [2021-09-03T09:30:55.860Z] >>> HTTP REQUEST POST https://www.googleapis.com/oauth2/v3/token  
 <request body omitted>
[debug] [2021-09-03T09:30:56.122Z] <<< HTTP RESPONSE 200 {"date":"Fri, 03 Sep 2021 09:30:56 GMT","expires":"Mon, 01 Jan 1990 00:00:00 GMT","pragma":"no-cache","cache-control":"no-cache, no-store, max-age=0, must-revalidate","content-type":"application/json; charset=utf-8","vary":"X-Origin, Referer, Origin,Accept-Encoding","server":"scaffolding on HTTPServer2","x-xss-protection":"0","x-frame-options":"SAMEORIGIN","x-content-type-options":"nosniff","alt-svc":"h3=\":443\"; ma=2592000,h3-29=\":443\"; ma=2592000,h3-T051=\":443\"; ma=2592000,h3-Q050=\":443\"; ma=2592000,h3-Q046=\":443\"; ma=2592000,h3-Q043=\":443\"; ma=2592000,quic=\":443\"; ma=2592000; v=\"46,43\"","accept-ranges":"none","transfer-encoding":"chunked"}
[debug] [2021-09-03T09:30:56.169Z] >>> [apiv2][query] GET https://firebase.googleapis.com/v1beta1/projects/mealstogo-bf416/adminSdkConfig [none]
[debug] [2021-09-03T09:30:56.788Z] <<< [apiv2][status] GET https://firebase.googleapis.com/v1beta1/projects/mealstogo-bf416/adminSdkConfig 200
[debug] [2021-09-03T09:30:56.788Z] <<< [apiv2][body] GET https://firebase.googleapis.com/v1beta1/projects/mealstogo-bf416/adminSdkConfig {"projectId":"mealstogo-bf416","storageBucket":"mealstogo-bf416.appspot.com"}
[debug] [2021-09-03T09:30:57.075Z] Ignoring unsupported arg: auto_download {"metadata":{"emulator":{"name":"ui"},"message":"Ignoring unsupported arg: auto_download"}}
[debug] [2021-09-03T09:30:57.075Z] Ignoring unsupported arg: port {"metadata":{"emulator":{"name":"ui"},"message":"Ignoring unsupported arg: port"}}
[debug] [2021-09-03T09:30:57.075Z] Starting Emulator UI with command {"binary":"node","args":["/Users/babulal/.cache/firebase/emulators/ui-v1.6.2/server.bundle.js"],"optionalArgs":[],"joinArgs":false} {"metadata":{"emulator":{"name":"ui"},"message":"Starting Emulator UI with command {\"binary\":\"node\",\"args\":[\"/Users/babulal/.cache/firebase/emulators/ui-v1.6.2/server.bundle.js\"],\"optionalArgs\":[],\"joinArgs\":false}"}}
[info] i  ui: Emulator UI logging to ui-debug.log {"metadata":{"emulator":{"name":"ui"},"message":"Emulator UI logging to \u001b[1mui-debug.log\u001b[22m"}}
[debug] [2021-09-03T09:30:57.193Z] Web / API server started at localhost:4000
 {"metadata":{"emulator":{"name":"ui"},"message":"Web / API server started at localhost:4000\n"}}
[info] i  functions: Watching "/Users/babulal/TechM/ReactNative/MealsToGo/functions" for Cloud Functions... {"metadata":{"emulator":{"name":"functions"},"message":"Watching \"/Users/babulal/TechM/ReactNative/MealsToGo/functions\" for Cloud Functions..."}}
[debug] [2021-09-03T09:30:57.351Z] [worker-pool] addWorker(~diagnostic~) {"metadata":{"emulator":{"name":"functions"},"message":"[worker-pool] addWorker(~diagnostic~)"}}
[debug] [2021-09-03T09:30:57.352Z] [worker-pool] Adding worker with key ~diagnostic~, total=1 {"metadata":{"emulator":{"name":"functions"},"message":"[worker-pool] Adding worker with key ~diagnostic~, total=1"}}
[debug] [2021-09-03T09:30:57.352Z] [worker-pool] submitWork(triggerId=) {"metadata":{"emulator":{"name":"functions"},"message":"[worker-pool] submitWork(triggerId=)"}}
[debug] [2021-09-03T09:30:57.353Z] [worker-~diagnostic~-925a7d57-783c-4c40-9456-ae9dc2620151]: Assigning socketPath: /var/folders/7y/d0x1wrgj66bf8xdch8b_yb980000gn/T/fire_emu_10170.sock {"metadata":{"emulator":{"name":"functions"},"message":"[worker-~diagnostic~-925a7d57-783c-4c40-9456-ae9dc2620151]: Assigning socketPath: /var/folders/7y/d0x1wrgj66bf8xdch8b_yb980000gn/T/fire_emu_10170.sock"}}
[debug] [2021-09-03T09:30:57.353Z] [worker-~diagnostic~-925a7d57-783c-4c40-9456-ae9dc2620151]: BUSY {"metadata":{"emulator":{"name":"functions"},"message":"[worker-~diagnostic~-925a7d57-783c-4c40-9456-ae9dc2620151]: BUSY"}}
[debug] [2021-09-03T09:30:57.630Z] [runtime-status] [10170] Functions runtime initialized. {"cwd":"/Users/babulal/TechM/ReactNative/MealsToGo/functions","node_version":"14.17.4"} {"metadata":{"emulator":{"name":"functions"},"message":"[runtime-status] [10170] Functions runtime initialized. {\"cwd\":\"/Users/babulal/TechM/ReactNative/MealsToGo/functions\",\"node_version\":\"14.17.4\"}"}}
[debug] [2021-09-03T09:30:57.630Z] [runtime-status] [10170] Disabled runtime features: undefined {"metadata":{"emulator":{"name":"functions"},"message":"[runtime-status] [10170] Disabled runtime features: undefined"}}
[debug] [2021-09-03T09:30:57.633Z] [runtime-status] [10170] Resolved module firebase-admin {"declared":true,"installed":true,"version":"9.11.1","resolution":"/Users/babulal/TechM/ReactNative/MealsToGo/functions/node_modules/firebase-admin/lib/index.js"} {"metadata":{"emulator":{"name":"functions"},"message":"[runtime-status] [10170] Resolved module firebase-admin {\"declared\":true,\"installed\":true,\"version\":\"9.11.1\",\"resolution\":\"/Users/babulal/TechM/ReactNative/MealsToGo/functions/node_modules/firebase-admin/lib/index.js\"}"}}
[debug] [2021-09-03T09:30:57.636Z] [runtime-status] [10170] Resolved module firebase-functions {"declared":true,"installed":true,"version":"3.15.4","resolution":"/Users/babulal/TechM/ReactNative/MealsToGo/functions/node_modules/firebase-functions/lib/index.js"} {"metadata":{"emulator":{"name":"functions"},"message":"[runtime-status] [10170] Resolved module firebase-functions {\"declared\":true,\"installed\":true,\"version\":\"3.15.4\",\"resolution\":\"/Users/babulal/TechM/ReactNative/MealsToGo/functions/node_modules/firebase-functions/lib/index.js\"}"}}
[debug] [2021-09-03T09:30:57.639Z] [runtime-status] [10170] Found local functions config: /Users/babulal/TechM/ReactNative/MealsToGo/functions/.runtimeconfig.json {"metadata":{"emulator":{"name":"functions"},"message":"[runtime-status] [10170] Found local functions config: /Users/babulal/TechM/ReactNative/MealsToGo/functions/.runtimeconfig.json"}}
[debug] [2021-09-03T09:30:57.640Z] [runtime-status] [10170] Resolved module firebase-functions {"declared":true,"installed":true,"version":"3.15.4","resolution":"/Users/babulal/TechM/ReactNative/MealsToGo/functions/node_modules/firebase-functions/lib/index.js"} {"metadata":{"emulator":{"name":"functions"},"message":"[runtime-status] [10170] Resolved module firebase-functions {\"declared\":true,\"installed\":true,\"version\":\"3.15.4\",\"resolution\":\"/Users/babulal/TechM/ReactNative/MealsToGo/functions/node_modules/firebase-functions/lib/index.js\"}"}}
[debug] [2021-09-03T09:30:57.642Z] [runtime-status] [10170] Outgoing network have been stubbed. [{"name":"http","status":"mocked"},{"name":"http","status":"mocked"},{"name":"https","status":"mocked"},{"name":"https","status":"mocked"},{"name":"net","status":"mocked"}] {"metadata":{"emulator":{"name":"functions"},"message":"[runtime-status] [10170] Outgoing network have been stubbed. [{\"name\":\"http\",\"status\":\"mocked\"},{\"name\":\"http\",\"status\":\"mocked\"},{\"name\":\"https\",\"status\":\"mocked\"},{\"name\":\"https\",\"status\":\"mocked\"},{\"name\":\"net\",\"status\":\"mocked\"}]"}}
[debug] [2021-09-03T09:30:57.643Z] [runtime-status] [10170] Resolved module firebase-functions {"declared":true,"installed":true,"version":"3.15.4","resolution":"/Users/babulal/TechM/ReactNative/MealsToGo/functions/node_modules/firebase-functions/lib/index.js"} {"metadata":{"emulator":{"name":"functions"},"message":"[runtime-status] [10170] Resolved module firebase-functions {\"declared\":true,\"installed\":true,\"version\":\"3.15.4\",\"resolution\":\"/Users/babulal/TechM/ReactNative/MealsToGo/functions/node_modules/firebase-functions/lib/index.js\"}"}}
[debug] [2021-09-03T09:30:57.700Z] [runtime-status] [10170] Checked functions.config() {"config":{"google":{"key":"AIzaSyBDg1Avy_sP1BHmmeCbdnHZo4qw3FQYmrg"}}} {"metadata":{"emulator":{"name":"functions"},"message":"[runtime-status] [10170] Checked functions.config() {\"config\":{\"google\":{\"key\":\"AIzaSyBDg1Avy_sP1BHmmeCbdnHZo4qw3FQYmrg\"}}}"}}
[debug] [2021-09-03T09:30:57.700Z] [runtime-status] [10170] firebase-functions has been stubbed. {"functionsResolution":{"declared":true,"installed":true,"version":"3.15.4","resolution":"/Users/babulal/TechM/ReactNative/MealsToGo/functions/node_modules/firebase-functions/lib/index.js"}} {"metadata":{"emulator":{"name":"functions"},"message":"[runtime-status] [10170] firebase-functions has been stubbed. {\"functionsResolution\":{\"declared\":true,\"installed\":true,\"version\":\"3.15.4\",\"resolution\":\"/Users/babulal/TechM/ReactNative/MealsToGo/functions/node_modules/firebase-functions/lib/index.js\"}}"}}
[debug] [2021-09-03T09:30:57.701Z] [runtime-status] [10170] Resolved module firebase-functions {"declared":true,"installed":true,"version":"3.15.4","resolution":"/Users/babulal/TechM/ReactNative/MealsToGo/functions/node_modules/firebase-functions/lib/index.js"} {"metadata":{"emulator":{"name":"functions"},"message":"[runtime-status] [10170] Resolved module firebase-functions {\"declared\":true,\"installed\":true,\"version\":\"3.15.4\",\"resolution\":\"/Users/babulal/TechM/ReactNative/MealsToGo/functions/node_modules/firebase-functions/lib/index.js\"}"}}
[debug] [2021-09-03T09:30:57.702Z] [runtime-status] [10170] Resolved module firebase-admin {"declared":true,"installed":true,"version":"9.11.1","resolution":"/Users/babulal/TechM/ReactNative/MealsToGo/functions/node_modules/firebase-admin/lib/index.js"} {"metadata":{"emulator":{"name":"functions"},"message":"[runtime-status] [10170] Resolved module firebase-admin {\"declared\":true,\"installed\":true,\"version\":\"9.11.1\",\"resolution\":\"/Users/babulal/TechM/ReactNative/MealsToGo/functions/node_modules/firebase-admin/lib/index.js\"}"}}
[debug] [2021-09-03T09:30:57.702Z] [runtime-status] [10170] Resolved module firebase-functions {"declared":true,"installed":true,"version":"3.15.4","resolution":"/Users/babulal/TechM/ReactNative/MealsToGo/functions/node_modules/firebase-functions/lib/index.js"} {"metadata":{"emulator":{"name":"functions"},"message":"[runtime-status] [10170] Resolved module firebase-functions {\"declared\":true,\"installed\":true,\"version\":\"3.15.4\",\"resolution\":\"/Users/babulal/TechM/ReactNative/MealsToGo/functions/node_modules/firebase-functions/lib/index.js\"}"}}
[debug] [2021-09-03T09:30:57.703Z] [runtime-status] [10170] firebase-admin has been stubbed. {"adminResolution":{"declared":true,"installed":true,"version":"9.11.1","resolution":"/Users/babulal/TechM/ReactNative/MealsToGo/functions/node_modules/firebase-admin/lib/index.js"}} {"metadata":{"emulator":{"name":"functions"},"message":"[runtime-status] [10170] firebase-admin has been stubbed. {\"adminResolution\":{\"declared\":true,\"installed\":true,\"version\":\"9.11.1\",\"resolution\":\"/Users/babulal/TechM/ReactNative/MealsToGo/functions/node_modules/firebase-admin/lib/index.js\"}}"}}
[info] ✔  functions[us-central1-helloworld]: http function initialized (http://localhost:5001/mealstogo-bf416/us-central1/helloworld). {"metadata":{"emulator":{"name":"functions"},"message":"\u001b[1mhttp\u001b[22m function initialized (http://localhost:5001/mealstogo-bf416/us-central1/helloworld)."}}
[info] ✔  functions[us-central1-geocode]: http function initialized (http://localhost:5001/mealstogo-bf416/us-central1/geocode). {"metadata":{"emulator":{"name":"functions"},"message":"\u001b[1mhttp\u001b[22m function initialized (http://localhost:5001/mealstogo-bf416/us-central1/geocode)."}}
[info] ✔  functions[us-central1-placesNearby]: http function initialized (http://localhost:5001/mealstogo-bf416/us-central1/placesNearby). {"metadata":{"emulator":{"name":"functions"},"message":"\u001b[1mhttp\u001b[22m function initialized (http://localhost:5001/mealstogo-bf416/us-central1/placesNearby)."}}
[info] 
┌─────────────────────────────────────────────────────────────┐
│ ✔  All emulators ready! It is now safe to connect your app. │
│ i  View Emulator UI at http://localhost:4000                │
└─────────────────────────────────────────────────────────────┘

┌───────────┬────────────────┬─────────────────────────────────┐
│ Emulator  │ Host:Port      │ View in Emulator UI             │
├───────────┼────────────────┼─────────────────────────────────┤
│ Functions │ localhost:5001 │ http://localhost:4000/functions │
└───────────┴────────────────┴─────────────────────────────────┘
  Emulator Hub running at localhost:4400
  Other reserved ports: 4500

Issues? Report them at https://github.com/firebase/firebase-tools/issues and attach the *-debug.log files.
 
[debug] [2021-09-03T09:30:57.774Z] [worker-~diagnostic~-925a7d57-783c-4c40-9456-ae9dc2620151]: IDLE {"metadata":{"emulator":{"name":"functions"},"message":"[worker-~diagnostic~-925a7d57-783c-4c40-9456-ae9dc2620151]: IDLE"}}
[debug] [2021-09-03T09:36:57.343Z] File /Users/babulal/TechM/ReactNative/MealsToGo/functions/index.js changed, reloading triggers {"metadata":{"emulator":{"name":"functions"},"message":"File /Users/babulal/TechM/ReactNative/MealsToGo/functions/index.js changed, reloading triggers"}}
[debug] [2021-09-03T09:36:58.344Z] [worker-pool] Shutting down IDLE worker (~diagnostic~) {"metadata":{"emulator":{"name":"functions"},"message":"[worker-pool] Shutting down IDLE worker (~diagnostic~)"}}
[debug] [2021-09-03T09:36:58.345Z] [worker-~diagnostic~-925a7d57-783c-4c40-9456-ae9dc2620151]: FINISHING {"metadata":{"emulator":{"name":"functions"},"message":"[worker-~diagnostic~-925a7d57-783c-4c40-9456-ae9dc2620151]: FINISHING"}}
[debug] [2021-09-03T09:36:58.352Z] [worker-pool] addWorker(~diagnostic~) {"metadata":{"emulator":{"name":"functions"},"message":"[worker-pool] addWorker(~diagnostic~)"}}
[debug] [2021-09-03T09:36:58.353Z] [worker-pool] Adding worker with key ~diagnostic~, total=2 {"metadata":{"emulator":{"name":"functions"},"message":"[worker-pool] Adding worker with key ~diagnostic~, total=2"}}
[debug] [2021-09-03T09:36:58.353Z] [worker-pool] submitWork(triggerId=) {"metadata":{"emulator":{"name":"functions"},"message":"[worker-pool] submitWork(triggerId=)"}}
[debug] [2021-09-03T09:36:58.353Z] [worker-~diagnostic~-e4a9731d-1589-4caa-bbf4-c8501e4ed3c9]: Assigning socketPath: /var/folders/7y/d0x1wrgj66bf8xdch8b_yb980000gn/T/fire_emu_10393.sock {"metadata":{"emulator":{"name":"functions"},"message":"[worker-~diagnostic~-e4a9731d-1589-4caa-bbf4-c8501e4ed3c9]: Assigning socketPath: /var/folders/7y/d0x1wrgj66bf8xdch8b_yb980000gn/T/fire_emu_10393.sock"}}
[debug] [2021-09-03T09:36:58.354Z] [worker-~diagnostic~-e4a9731d-1589-4caa-bbf4-c8501e4ed3c9]: BUSY {"metadata":{"emulator":{"name":"functions"},"message":"[worker-~diagnostic~-e4a9731d-1589-4caa-bbf4-c8501e4ed3c9]: BUSY"}}
[debug] [2021-09-03T09:36:58.356Z] [worker-~diagnostic~-925a7d57-783c-4c40-9456-ae9dc2620151]: exited {"metadata":{"emulator":{"name":"functions"},"message":"[worker-~diagnostic~-925a7d57-783c-4c40-9456-ae9dc2620151]: exited"}}
[debug] [2021-09-03T09:36:58.356Z] [worker-~diagnostic~-925a7d57-783c-4c40-9456-ae9dc2620151]: FINISHED {"metadata":{"emulator":{"name":"functions"},"message":"[worker-~diagnostic~-925a7d57-783c-4c40-9456-ae9dc2620151]: FINISHED"}}
[debug] [2021-09-03T09:36:58.837Z] [runtime-status] [10393] Functions runtime initialized. {"cwd":"/Users/babulal/TechM/ReactNative/MealsToGo/functions","node_version":"14.17.4"} {"metadata":{"emulator":{"name":"functions"},"message":"[runtime-status] [10393] Functions runtime initialized. {\"cwd\":\"/Users/babulal/TechM/ReactNative/MealsToGo/functions\",\"node_version\":\"14.17.4\"}"}}
[debug] [2021-09-03T09:36:58.839Z] [runtime-status] [10393] Disabled runtime features: undefined {"metadata":{"emulator":{"name":"functions"},"message":"[runtime-status] [10393] Disabled runtime features: undefined"}}
[debug] [2021-09-03T09:36:58.840Z] [runtime-status] [10393] Resolved module firebase-admin {"declared":true,"installed":true,"version":"9.11.1","resolution":"/Users/babulal/TechM/ReactNative/MealsToGo/functions/node_modules/firebase-admin/lib/index.js"} {"metadata":{"emulator":{"name":"functions"},"message":"[runtime-status] [10393] Resolved module firebase-admin {\"declared\":true,\"installed\":true,\"version\":\"9.11.1\",\"resolution\":\"/Users/babulal/TechM/ReactNative/MealsToGo/functions/node_modules/firebase-admin/lib/index.js\"}"}}
[debug] [2021-09-03T09:36:58.843Z] [runtime-status] [10393] Resolved module firebase-functions {"declared":true,"installed":true,"version":"3.15.4","resolution":"/Users/babulal/TechM/ReactNative/MealsToGo/functions/node_modules/firebase-functions/lib/index.js"} {"metadata":{"emulator":{"name":"functions"},"message":"[runtime-status] [10393] Resolved module firebase-functions {\"declared\":true,\"installed\":true,\"version\":\"3.15.4\",\"resolution\":\"/Users/babulal/TechM/ReactNative/MealsToGo/functions/node_modules/firebase-functions/lib/index.js\"}"}}
[debug] [2021-09-03T09:36:58.844Z] [runtime-status] [10393] Found local functions config: /Users/babulal/TechM/ReactNative/MealsToGo/functions/.runtimeconfig.json {"metadata":{"emulator":{"name":"functions"},"message":"[runtime-status] [10393] Found local functions config: /Users/babulal/TechM/ReactNative/MealsToGo/functions/.runtimeconfig.json"}}
[debug] [2021-09-03T09:36:58.845Z] [runtime-status] [10393] Resolved module firebase-functions {"declared":true,"installed":true,"version":"3.15.4","resolution":"/Users/babulal/TechM/ReactNative/MealsToGo/functions/node_modules/firebase-functions/lib/index.js"} {"metadata":{"emulator":{"name":"functions"},"message":"[runtime-status] [10393] Resolved module firebase-functions {\"declared\":true,\"installed\":true,\"version\":\"3.15.4\",\"resolution\":\"/Users/babulal/TechM/ReactNative/MealsToGo/functions/node_modules/firebase-functions/lib/index.js\"}"}}
[debug] [2021-09-03T09:36:58.847Z] [runtime-status] [10393] Outgoing network have been stubbed. [{"name":"http","status":"mocked"},{"name":"http","status":"mocked"},{"name":"https","status":"mocked"},{"name":"https","status":"mocked"},{"name":"net","status":"mocked"}] {"metadata":{"emulator":{"name":"functions"},"message":"[runtime-status] [10393] Outgoing network have been stubbed. [{\"name\":\"http\",\"status\":\"mocked\"},{\"name\":\"http\",\"status\":\"mocked\"},{\"name\":\"https\",\"status\":\"mocked\"},{\"name\":\"https\",\"status\":\"mocked\"},{\"name\":\"net\",\"status\":\"mocked\"}]"}}
[debug] [2021-09-03T09:36:58.847Z] [runtime-status] [10393] Resolved module firebase-functions {"declared":true,"installed":true,"version":"3.15.4","resolution":"/Users/babulal/TechM/ReactNative/MealsToGo/functions/node_modules/firebase-functions/lib/index.js"} {"metadata":{"emulator":{"name":"functions"},"message":"[runtime-status] [10393] Resolved module firebase-functions {\"declared\":true,\"installed\":true,\"version\":\"3.15.4\",\"resolution\":\"/Users/babulal/TechM/ReactNative/MealsToGo/functions/node_modules/firebase-functions/lib/index.js\"}"}}
[debug] [2021-09-03T09:36:58.904Z] [runtime-status] [10393] Checked functions.config() {"config":{"google":{"key":"AIzaSyBDg1Avy_sP1BHmmeCbdnHZo4qw3FQYmrg"}}} {"metadata":{"emulator":{"name":"functions"},"message":"[runtime-status] [10393] Checked functions.config() {\"config\":{\"google\":{\"key\":\"AIzaSyBDg1Avy_sP1BHmmeCbdnHZo4qw3FQYmrg\"}}}"}}
[debug] [2021-09-03T09:36:58.904Z] [runtime-status] [10393] firebase-functions has been stubbed. {"functionsResolution":{"declared":true,"installed":true,"version":"3.15.4","resolution":"/Users/babulal/TechM/ReactNative/MealsToGo/functions/node_modules/firebase-functions/lib/index.js"}} {"metadata":{"emulator":{"name":"functions"},"message":"[runtime-status] [10393] firebase-functions has been stubbed. {\"functionsResolution\":{\"declared\":true,\"installed\":true,\"version\":\"3.15.4\",\"resolution\":\"/Users/babulal/TechM/ReactNative/MealsToGo/functions/node_modules/firebase-functions/lib/index.js\"}}"}}
[debug] [2021-09-03T09:36:58.904Z] [runtime-status] [10393] Resolved module firebase-functions {"declared":true,"installed":true,"version":"3.15.4","resolution":"/Users/babulal/TechM/ReactNative/MealsToGo/functions/node_modules/firebase-functions/lib/index.js"} {"metadata":{"emulator":{"name":"functions"},"message":"[runtime-status] [10393] Resolved module firebase-functions {\"declared\":true,\"installed\":true,\"version\":\"3.15.4\",\"resolution\":\"/Users/babulal/TechM/ReactNative/MealsToGo/functions/node_modules/firebase-functions/lib/index.js\"}"}}
[debug] [2021-09-03T09:36:58.905Z] [runtime-status] [10393] Resolved module firebase-admin {"declared":true,"installed":true,"version":"9.11.1","resolution":"/Users/babulal/TechM/ReactNative/MealsToGo/functions/node_modules/firebase-admin/lib/index.js"} {"metadata":{"emulator":{"name":"functions"},"message":"[runtime-status] [10393] Resolved module firebase-admin {\"declared\":true,\"installed\":true,\"version\":\"9.11.1\",\"resolution\":\"/Users/babulal/TechM/ReactNative/MealsToGo/functions/node_modules/firebase-admin/lib/index.js\"}"}}
[debug] [2021-09-03T09:36:58.906Z] [runtime-status] [10393] Resolved module firebase-functions {"declared":true,"installed":true,"version":"3.15.4","resolution":"/Users/babulal/TechM/ReactNative/MealsToGo/functions/node_modules/firebase-functions/lib/index.js"} {"metadata":{"emulator":{"name":"functions"},"message":"[runtime-status] [10393] Resolved module firebase-functions {\"declared\":true,\"installed\":true,\"version\":\"3.15.4\",\"resolution\":\"/Users/babulal/TechM/ReactNative/MealsToGo/functions/node_modules/firebase-functions/lib/index.js\"}"}}
[debug] [2021-09-03T09:36:58.906Z] [runtime-status] [10393] firebase-admin has been stubbed. {"adminResolution":{"declared":true,"installed":true,"version":"9.11.1","resolution":"/Users/babulal/TechM/ReactNative/MealsToGo/functions/node_modules/firebase-admin/lib/index.js"}} {"metadata":{"emulator":{"name":"functions"},"message":"[runtime-status] [10393] firebase-admin has been stubbed. {\"adminResolution\":{\"declared\":true,\"installed\":true,\"version\":\"9.11.1\",\"resolution\":\"/Users/babulal/TechM/ReactNative/MealsToGo/functions/node_modules/firebase-admin/lib/index.js\"}}"}}
[debug] [2021-09-03T09:36:58.964Z] [worker-~diagnostic~-e4a9731d-1589-4caa-bbf4-c8501e4ed3c9]: IDLE {"metadata":{"emulator":{"name":"functions"},"message":"[worker-~diagnostic~-e4a9731d-1589-4caa-bbf4-c8501e4ed3c9]: IDLE"}}
